\BOOKMARK [0][]{Contents.0}{\376\377\000T\000a\000b\000l\000e\000\040\000o\000f\000\040\000c\000o\000n\000t\000e\000n\000t\000s}{}% 1
\BOOKMARK [0][]{chapter*.5}{\376\377\000L\000i\000s\000t\000\040\000o\000f\000\040\000f\000i\000g\000u\000r\000e\000s}{}% 2
\BOOKMARK [0][]{chapter*.6}{\376\377\000L\000i\000s\000t\000\040\000o\000f\000\040\000t\000a\000b\000l\000e\000s}{}% 3
\BOOKMARK [0][]{chapter.1}{\376\377\0001\000\040\000I\000n\000t\000r\000o\000d\000u\000c\000t\000i\000o\000n}{}% 4
\BOOKMARK [1][]{section.1.1}{\376\377\0001\000.\0001\000\040\000U\000s\000e\000r\000\040\000A\000u\000t\000h\000e\000n\000t\000i\000c\000a\000t\000i\000o\000n\000\040\000a\000n\000d\000\040\000B\000i\000o\000m\000e\000t\000r\000i\000c\000s}{chapter.1}% 5
\BOOKMARK [1][]{section.1.2}{\376\377\0001\000.\0002\000\040\000P\000r\000i\000v\000a\000c\000y\000-\000p\000r\000e\000s\000e\000r\000v\000i\000n\000g\000\040\000B\000i\000o\000m\000e\000t\000r\000i\000c\000\040\000A\000u\000t\000h\000e\000n\000t\000i\000c\000a\000t\000i\000o\000n}{chapter.1}% 6
\BOOKMARK [1][]{section.1.3}{\376\377\0001\000.\0003\000\040\000C\000o\000n\000t\000r\000i\000b\000u\000t\000i\000o\000n\000s\000\040\000o\000f\000\040\000t\000h\000e\000\040\000t\000h\000e\000s\000i\000s}{chapter.1}% 7
\BOOKMARK [1][]{section.1.4}{\376\377\0001\000.\0004\000\040\000O\000r\000g\000a\000n\000i\000z\000a\000t\000i\000o\000n\000\040\000o\000f\000\040\000t\000h\000e\000\040\000t\000h\000e\000s\000i\000s}{chapter.1}% 8
\BOOKMARK [0][]{chapter.2}{\376\377\0002\000\040\000D\000e\000f\000i\000n\000i\000t\000i\000o\000n\000s\000\040\000a\000n\000d\000\040\000P\000r\000e\000l\000i\000m\000i\000n\000a\000r\000i\000e\000s}{}% 9
\BOOKMARK [1][]{section.2.1}{\376\377\0002\000.\0001\000\040\000S\000h\000o\000r\000t\000\040\000t\000i\000t\000l\000e}{chapter.2}% 10
\BOOKMARK [1][]{section.2.3}{\376\377\0002\000.\0003\000\040\000G\000e\000n\000e\000r\000a\000l\000\040\000N\000o\000t\000a\000t\000i\000o\000n\000s}{chapter.2}% 11
\BOOKMARK [1][]{section.2.4}{\376\377\0002\000.\0004\000\040\000L\000a\000t\000t\000i\000c\000e\000s}{chapter.2}% 12
\BOOKMARK [1][]{section.2.5}{\376\377\0002\000.\0005\000\040\000L\000a\000t\000t\000i\000c\000e\000\040\000P\000r\000e\000l\000i\000m\000i\000n\000a\000r\000i\000e\000s}{chapter.2}% 13
\BOOKMARK [2][]{subsection.2.5.1}{\376\377\0002\000.\0005\000.\0001\000\040\000T\000h\000e\000\040\000m\000o\000t\000i\000v\000a\000t\000i\000o\000n\000s}{section.2.5}% 14
\BOOKMARK [2][]{subsection.2.5.2}{\376\377\0002\000.\0005\000.\0002\000\040\000T\000h\000e\000\040\000m\000a\000t\000h\000e\000m\000a\000t\000i\000c\000s}{section.2.5}% 15
\BOOKMARK [2][]{subsection.2.5.3}{\376\377\0002\000.\0005\000.\0003\000\040\000q\000-\000a\000r\000y\000\040\000l\000a\000t\000t\000i\000c\000e\000s\000\040\000a\000n\000d\000\040\000S\000I\000S\000\040\000p\000r\000o\000b\000l\000e\000m}{section.2.5}% 16
\BOOKMARK [1][]{section.2.6}{\376\377\0002\000.\0006\000\040\000L\000W\000E}{chapter.2}% 17
\BOOKMARK [1][]{section.2.7}{\376\377\0002\000.\0007\000\040\000H\000o\000m\000o\000m\000o\000r\000p\000h\000i\000c\000\040\000C\000r\000y\000p\000t\000o\000s\000y\000s\000t\000e\000m\000s}{chapter.2}% 18
\BOOKMARK [2][]{subsection.2.7.1}{\376\377\0002\000.\0007\000.\0001\000\040\000H\000o\000m\000o\000m\000o\000r\000p\000h\000i\000c\000\040\000E\000n\000c\000r\000y\000p\000t\000i\000o\000n}{section.2.7}% 19
\BOOKMARK [2][]{subsection.2.7.2}{\376\377\0002\000.\0007\000.\0002\000\040\000C\000i\000p\000h\000e\000r\000t\000e\000x\000t\000\040\000p\000a\000c\000k\000i\000n\000g}{section.2.7}% 20
\BOOKMARK [1][]{section.2.8}{\376\377\0002\000.\0008\000\040\000Z\000e\000r\000o\000\040\000K\000n\000o\000w\000l\000e\000d\000g\000e\000\040\000P\000r\000o\000o\000f\000\040\000S\000y\000s\000t\000e\000m\000s}{chapter.2}% 21
\BOOKMARK [2][]{subsection.2.8.1}{\376\377\0002\000.\0008\000.\0001\000\040\000Z\000e\000r\000o\000\040\000K\000n\000o\000w\000l\000e\000d\000g\000e\000\040\000P\000r\000o\000o\000f\000s\000\040\000a\000n\000d\000\040\000I\000S\000I\000S\000\040\000p\000r\000o\000b\000l\000e\000m}{section.2.8}% 22
\BOOKMARK [2][]{subsection.2.8.2}{\376\377\0002\000.\0008\000.\0002\000\040\000S\000t\000e\000r\000n\000E\000x\000t\000\040\000P\000r\000o\000t\000o\000c\000o\000l}{section.2.8}% 23
\BOOKMARK [1][]{section.2.9}{\376\377\0002\000.\0009\000\040\000G\000a\000r\000b\000l\000e\000d\000\040\000C\000i\000r\000c\000u\000i\000t\000\040\000a\000n\000d\000\040\000O\000b\000l\000i\000v\000i\000o\000u\000s\000\040\000T\000r\000a\000n\000s\000f\000e\000r}{chapter.2}% 24
\BOOKMARK [1][]{section.2.10}{\376\377\0002\000.\0001\0000\000\040\000T\000h\000e\000\040\000S\000y\000n\000t\000a\000x\000\040\000a\000n\000d\000\040\000S\000e\000c\000u\000r\000i\000t\000y\000\040\000m\000o\000d\000e\000l}{chapter.2}% 25
\BOOKMARK [1][]{section.2.11}{\376\377\0002\000.\0001\0001\000\040\000C\000o\000n\000c\000l\000u\000s\000i\000o\000n}{chapter.2}% 26
\BOOKMARK [0][]{chapter.3}{\376\377\0003\000\040\000T\000h\000e\000\040\000F\000i\000r\000s\000t\000\040\000P\000r\000o\000t\000o\000c\000o\000l\000\040\000-\000\040\000C\000o\000m\000p\000u\000t\000i\000n\000g\000\040\000H\000D\000\040\000H\000o\000m\000o\000m\000o\000r\000p\000h\000i\000c\000a\000l\000l\000y}{}% 27
\BOOKMARK [1][]{section.3.1}{\376\377\0003\000.\0001\000\040\000I\000n\000t\000r\000o\000d\000u\000c\000t\000i\000o\000n}{chapter.3}% 28
\BOOKMARK [1][]{section.3.2}{\376\377\0003\000.\0002\000\040\000R\000e\000l\000a\000t\000e\000d\000\040\000W\000o\000r\000k}{chapter.3}% 29
\BOOKMARK [1][]{section.3.3}{\376\377\0003\000.\0003\000\040\000T\000h\000e\000\040\000B\000G\000V\000\040\000C\000r\000y\000p\000t\000o\000s\000y\000s\000t\000e\000m\000\040\000a\000n\000d\000\040\000Y\000a\000s\000u\000d\000a\000\040\000P\000a\000c\000k\000i\000n\000g\000\040\000M\000e\000t\000h\000o\000d}{chapter.3}% 30
\BOOKMARK [2][]{subsection.3.3.1}{\376\377\0003\000.\0003\000.\0001\000\040\000F\000e\000a\000t\000u\000r\000e\000\040\000c\000o\000d\000e\000s\000\040\000a\000n\000d\000\040\000H\000D\000\040\000C\000o\000m\000p\000u\000t\000a\000t\000i\000o\000n\000\040\000h\000o\000m\000o\000m\000o\000r\000p\000h\000i\000c\000a\000l\000l\000y}{section.3.3}% 31
\BOOKMARK [1][]{section.3.4}{\376\377\0003\000.\0004\000\040\000Z\000e\000r\000o\000-\000k\000n\000o\000w\000l\000e\000d\000g\000e\000\040\000p\000r\000o\000o\000f\000\040\000s\000y\000s\000t\000e\000m}{chapter.3}% 32
\BOOKMARK [1][]{section.3.5}{\376\377\0003\000.\0005\000\040\000S\000t\000e\000r\000n\000-\000b\000a\000s\000e\000d\000\040\000v\000a\000r\000i\000a\000n\000t\000\040\000Z\000K\000P}{chapter.3}% 33
\BOOKMARK [2][]{subsection.3.5.1}{\376\377\0003\000.\0005\000.\0001\000\040\000S\000t\000e\000r\000n\000-\000b\000a\000s\000e\000d\000\040\000Z\000K\000P}{section.3.5}% 34
\BOOKMARK [1][]{section.3.6}{\376\377\0003\000.\0006\000\040\000O\000u\000r\000\040\000P\000r\000o\000t\000o\000c\000o\000l}{chapter.3}% 35
\BOOKMARK [1][]{section.3.7}{\376\377\0003\000.\0007\000\040\000S\000e\000c\000u\000r\000i\000t\000y\000\040\000P\000r\000o\000o\000f\000s}{chapter.3}% 36
\BOOKMARK [2][]{subsection.3.7.1}{\376\377\0003\000.\0007\000.\0001\000\040\000S\000e\000c\000u\000r\000i\000t\000y\000\040\000P\000r\000o\000o\000f\000\040\000f\000o\000r\000\040\000T\000h\000e\000o\000r\000e\000m\000\040\0001\0005\000:\000\040\000P\000r\000i\000v\000a\000c\000y\000\040\000a\000g\000a\000i\000n\000s\000t\000\040\000S\000e\000r\000v\000e\000r}{section.3.7}% 37
\BOOKMARK [2][]{subsection.3.7.2}{\376\377\0003\000.\0007\000.\0002\000\040\000S\000e\000c\000u\000r\000i\000t\000y\000\040\000P\000r\000o\000o\000f\000\040\000f\000o\000r\000\040\000T\000h\000e\000o\000r\000e\000m\000\040\0001\0006\000:\000\040\000T\000y\000p\000e\000\040\000I\000\040\000I\000m\000p\000e\000r\000s\000i\000o\000n\000a\000t\000i\000o\000n\000\040\000a\000t\000t\000a\000c\000k}{section.3.7}% 38
\BOOKMARK [2][]{subsection.3.7.3}{\376\377\0003\000.\0007\000.\0003\000\040\000S\000e\000c\000u\000r\000i\000t\000y\000\040\000P\000r\000o\000o\000f\000\040\000f\000o\000r\000\040\000T\000h\000e\000o\000r\000e\000m\000\040\0001\0006\000:\000\040\000T\000y\000p\000e\000\040\000I\000I\000\040\000I\000m\000p\000e\000r\000s\000i\000o\000n\000a\000t\000i\000o\000n\000\040\000a\000t\000t\000a\000c\000k}{section.3.7}% 39
\BOOKMARK [1][]{section.3.8}{\376\377\0003\000.\0008\000\040\000R\000e\000s\000u\000l\000t\000\040\000E\000v\000a\000l\000u\000a\000t\000i\000o\000n}{chapter.3}% 40
\BOOKMARK [2][]{subsection.3.8.1}{\376\377\0003\000.\0008\000.\0001\000\040\000P\000a\000r\000a\000m\000e\000t\000e\000r\000s}{section.3.8}% 41
\BOOKMARK [2][]{subsection.3.8.2}{\376\377\0003\000.\0008\000.\0002\000\040\000L\000i\000m\000i\000t\000a\000t\000i\000o\000n\000s\000\040\000a\000n\000d\000\040\000o\000p\000e\000n\000\040\000p\000r\000o\000b\000l\000e\000m\000s}{section.3.8}% 42
\BOOKMARK [1][]{section.3.9}{\376\377\0003\000.\0009\000\040\000C\000o\000n\000c\000l\000u\000s\000i\000o\000n}{chapter.3}% 43
\BOOKMARK [0][]{chapter.4}{\376\377\0004\000\040\000T\000h\000e\000\040\000S\000e\000c\000o\000n\000d\000\040\000P\000r\000o\000t\000o\000c\000o\000l\000\040\000-\000\040\000C\000o\000v\000e\000r\000i\000n\000g\000\040\000C\000i\000r\000c\000u\000i\000t\000\040\000P\000r\000i\000v\000a\000c\000y}{}% 44
\BOOKMARK [1][]{section.4.1}{\376\377\0004\000.\0001\000\040\000I\000n\000t\000r\000o\000d\000u\000c\000t\000i\000o\000n}{chapter.4}% 45
\BOOKMARK [1][]{section.4.2}{\376\377\0004\000.\0002\000\040\000P\000r\000e\000v\000i\000o\000u\000s\000\040\000W\000o\000r\000k\000s}{chapter.4}% 46
\BOOKMARK [1][]{section.4.3}{\376\377\0004\000.\0003\000\040\000R\000e\000n\000y\000i\000\040\000D\000i\000v\000e\000r\000g\000e\000n\000c\000e\000\040\000A\000n\000a\000l\000y\000s\000i\000s\000\040\000t\000e\000c\000h\000n\000i\000q\000u\000e}{chapter.4}% 47
\BOOKMARK [2][]{subsection.4.3.1}{\376\377\0004\000.\0003\000.\0001\000\040\000C\000o\000r\000r\000e\000c\000t\000n\000e\000s\000s\000\040\000A\000n\000a\000l\000y\000s\000i\000s}{section.4.3}% 48
\BOOKMARK [1][]{section.4.4}{\376\377\0004\000.\0004\000\040\000R\000e\000s\000u\000l\000t\000s}{chapter.4}% 49
\BOOKMARK [0][]{chapter.5}{\376\377\0005\000\040\000T\000h\000e\000\040\000t\000h\000i\000r\000d\000\040\000p\000r\000o\000t\000o\000c\000o\000l\000\040\000-\000\040\000C\000o\000m\000p\000u\000t\000i\000n\000g\000\040\000a\000n\000d\000\040\000C\000o\000m\000p\000a\000r\000i\000n\000g\000\040\000H\000D\000\040\000H\000o\000m\000o\000m\000o\000r\000p\000h\000i\000c\000a\000l\000l\000y}{}% 50
\BOOKMARK [1][]{section.5.1}{\376\377\0005\000.\0001\000\040\000I\000n\000t\000r\000o\000d\000u\000c\000t\000i\000o\000n}{chapter.5}% 51
\BOOKMARK [1][]{section.5.2}{\376\377\0005\000.\0002\000\040\000T\000h\000e\000\040\000H\000o\000m\000o\000m\000o\000r\000p\000h\000i\000c\000\040\000t\000o\000o\000l\000s}{chapter.5}% 52
\BOOKMARK [2][]{subsection.5.2.1}{\376\377\0005\000.\0002\000.\0001\000\040\000E\000x\000t\000r\000a\000c\000t\000i\000n\000g\000\040\000t\000h\000e\000\040\000M\000o\000s\000t\000\040\000S\000i\000g\000n\000i\000f\000i\000c\000a\000n\000t\000\040\000B\000i\000t\000\040\000h\000o\000m\000o\000m\000o\000r\000p\000h\000i\000c\000a\000l\000l\000y}{section.5.2}% 53
\BOOKMARK [2][]{subsection.5.2.2}{\376\377\0005\000.\0002\000.\0002\000\040\000P\000r\000o\000o\000f\000\040\000o\000f\000\040\000l\000e\000m\000m\000a\000\040\0009}{section.5.2}% 54
\BOOKMARK [2][]{subsection.5.2.3}{\376\377\0005\000.\0002\000.\0003\000\040\000C\000o\000n\000v\000e\000r\000t\000i\000n\000g\000\040\000f\000r\000o\000m\000\040\000b\000i\000n\000a\000r\000y\000-\000e\000n\000c\000o\000d\000e\000d\000\040\000t\000o\000\040\000u\000n\000a\000r\000y\000-\000e\000n\000c\000o\000d\000e\000d\000\040\000p\000l\000a\000i\000n\000t\000e\000x\000t}{section.5.2}% 55
\BOOKMARK [1][]{section.5.3}{\376\377\0005\000.\0003\000\040\000T\000h\000e\000\040\000Z\000e\000r\000o\000\040\000K\000n\000o\000w\000l\000e\000d\000g\000e\000\040\000T\000o\000o\000l\000s}{chapter.5}% 56
\BOOKMARK [2][]{subsection.5.3.1}{\376\377\0005\000.\0003\000.\0001\000\040\000Z\000K\000P\000o\000P\000K\000\040\000o\000f\000\040\000R\000e\000g\000e\000v\000\040\000C\000r\000y\000p\000t\000o\000s\000y\000s\000t\000e\000m}{section.5.3}% 57
\BOOKMARK [2][]{subsection.5.3.2}{\376\377\0005\000.\0003\000.\0002\000\040\000Z\000K\000P\000o\000P\000K\000\040\000o\000f\000\040\000B\000V\000\040\000c\000r\000y\000p\000t\000o\000s\000y\000s\000t\000e\000m}{section.5.3}% 58
\BOOKMARK [2][]{subsection.5.3.3}{\376\377\0005\000.\0003\000.\0003\000\040\000Z\000K\000P\000\040\000o\000f\000\040\000p\000l\000a\000i\000n\000t\000e\000x\000t\000\040\000w\000i\000t\000h\000\040\000z\000e\000r\000o\000\040\000c\000o\000e\000f\000f\000i\000c\000i\000e\000n\000t\000s}{section.5.3}% 59
\BOOKMARK [2][]{subsection.5.3.4}{\376\377\0005\000.\0003\000.\0004\000\040\000Z\000K\000P\000\040\000o\000f\000\040\000r\000e\000-\000e\000n\000c\000r\000y\000p\000t\000i\000o\000n\000\040\000c\000o\000r\000r\000e\000c\000t\000n\000e\000s\000s}{section.5.3}% 60
\BOOKMARK [2][]{subsection.5.3.5}{\376\377\0005\000.\0003\000.\0005\000\040\000S\000c\000h\000n\000o\000r\000r\000-\000b\000a\000s\000e\000d\000\040\000Z\000K\000P\000\040\000t\000e\000c\000h\000n\000i\000q\000u\000e}{section.5.3}% 61
\BOOKMARK [2][]{subsection.5.3.6}{\376\377\0005\000.\0003\000.\0006\000\040\000Z\000K\000P\000\040\000a\000n\000d\000\040\000-\000P\000r\000o\000t\000o\000c\000o\000l}{section.5.3}% 62
\BOOKMARK [2][]{subsection.5.3.7}{\376\377\0005\000.\0003\000.\0007\000\040\000C\000o\000m\000b\000i\000n\000a\000t\000i\000o\000n\000\040\000o\000f\000\040\000Z\000K\000P}{section.5.3}% 63
\BOOKMARK [1][]{section.5.4}{\376\377\0005\000.\0004\000\040\000P\000r\000o\000p\000o\000s\000e\000d\000\040\000S\000c\000h\000e\000m\000e}{chapter.5}% 64
\BOOKMARK [2][]{subsection.5.4.1}{\376\377\0005\000.\0004\000.\0001\000\040\000T\000h\000e\000\040\000p\000r\000o\000t\000o\000c\000o\000l}{section.5.4}% 65
\BOOKMARK [1][]{section.5.5}{\376\377\0005\000.\0005\000\040\000S\000e\000c\000u\000r\000i\000t\000y\000\040\000P\000r\000o\000o\000f\000s}{chapter.5}% 66
\BOOKMARK [2][]{subsection.5.5.1}{\376\377\0005\000.\0005\000.\0001\000\040\000S\000e\000c\000u\000r\000i\000t\000y\000\040\000P\000r\000o\000o\000f\000\040\000f\000o\000r\000\040\000T\000h\000e\000o\000r\000e\000m\000\040\0001\0006\000:\000\040\000T\000y\000p\000e\000\040\000I\000\040\000I\000m\000p\000e\000r\000s\000i\000o\000n\000a\000t\000i\000o\000n\000\040\000a\000t\000t\000a\000c\000k}{section.5.5}% 67
\BOOKMARK [2][]{subsection.5.5.2}{\376\377\0005\000.\0005\000.\0002\000\040\000S\000e\000c\000u\000r\000i\000t\000y\000\040\000P\000r\000o\000o\000f\000\040\000f\000o\000r\000\040\000T\000h\000e\000o\000r\000e\000m\000\040\0001\0006\000:\000\040\000T\000y\000p\000e\000\040\000I\000I\000\040\000I\000m\000p\000e\000r\000s\000i\000o\000n\000a\000t\000i\000o\000n\000\040\000a\000t\000t\000a\000c\000k}{section.5.5}% 68
\BOOKMARK [2][]{subsection.5.5.3}{\376\377\0005\000.\0005\000.\0003\000\040\000S\000e\000c\000u\000r\000i\000t\000y\000\040\000P\000r\000o\000o\000f\000\040\000f\000o\000r\000\040\000T\000h\000e\000o\000r\000e\000m\000\040\0001\0005\000:\000\040\000P\000r\000i\000v\000a\000c\000y\000\040\000a\000g\000a\000i\000n\000s\000t\000\040\000S\000e\000r\000v\000e\000r}{section.5.5}% 69
\BOOKMARK [1][]{section.5.6}{\376\377\0005\000.\0006\000\040\000T\000h\000e\000\040\000a\000l\000g\000o\000r\000i\000t\000h\000m\000s}{chapter.5}% 70
\BOOKMARK [1][]{section.5.7}{\376\377\0005\000.\0007\000\040\000E\000v\000a\000l\000u\000a\000t\000i\000o\000n\000\040\000a\000n\000d\000\040\000R\000e\000s\000u\000l\000t\000s}{chapter.5}% 71
\BOOKMARK [0][]{chapter.6}{\376\377\0006\000\040\000T\000h\000e\000\040\000f\000o\000u\000r\000t\000h\000\040\000p\000r\000o\000t\000o\000c\000o\000l\000\040\000-\000\040\000R\000e\000m\000o\000v\000i\000n\000g\000\040\000T\000h\000e\000\040\000O\000v\000e\000r\000h\000e\000a\000d}{}% 72
\BOOKMARK [1][]{section.6.1}{\376\377\0006\000.\0001\000\040\000I\000n\000t\000r\000o\000d\000u\000c\000t\000i\000o\000n}{chapter.6}% 73
\BOOKMARK [1][]{section.6.2}{\376\377\0006\000.\0002\000\040\000T\000h\000e\000\040\000C\000h\000a\000l\000l\000e\000n\000g\000e\000-\000R\000e\000s\000p\000o\000n\000s\000e\000\040\000T\000e\000c\000h\000n\000i\000q\000u\000e}{chapter.6}% 74
\BOOKMARK [1][]{section.6.3}{\376\377\0006\000.\0003\000\040\000T\000h\000e\000\040\000B\000G\000V\000\040\000C\000r\000y\000p\000t\000o\000s\000y\000s\000t\000e\000m\000\040\000a\000n\000d\000\040\000C\000R\000T\000\040\000p\000a\000c\000k\000i\000n\000g\000\040\000m\000e\000t\000h\000o\000d}{chapter.6}% 75
\BOOKMARK [2][]{subsection.6.3.1}{\376\377\0006\000.\0003\000.\0001\000\040\000T\000h\000e\000\040\000r\000o\000t\000a\000t\000e\000\040\000a\000n\000d\000\040\000p\000e\000r\000m\000u\000t\000e\000\040\000f\000u\000n\000c\000t\000i\000o\000n}{section.6.3}% 76
\BOOKMARK [2][]{subsection.6.3.2}{\376\377\0006\000.\0003\000.\0002\000\040\000T\000h\000e\000\040\000f\000l\000a\000t\000t\000e\000n\000i\000n\000g\000\040\000g\000a\000d\000g\000e\000t}{section.6.3}% 77
\BOOKMARK [2][]{subsection.6.3.3}{\376\377\0006\000.\0003\000.\0003\000\040\000T\000h\000e\000\040\000k\000e\000y\000s\000w\000i\000t\000c\000h\000\040\000a\000n\000d\000\040\000m\000o\000d\000s\000w\000i\000t\000c\000h\000\040\000o\000p\000e\000r\000a\000t\000i\000o\000n}{section.6.3}% 78
\BOOKMARK [1][]{section.6.4}{\376\377\0006\000.\0004\000\040\000H\000D\000\040\000c\000o\000m\000p\000u\000t\000a\000t\000i\000o\000n}{chapter.6}% 79
\BOOKMARK [1][]{section.6.5}{\376\377\0006\000.\0005\000\040\000G\000a\000r\000b\000l\000e\000d\000\040\000C\000i\000r\000c\000u\000i\000t\000\040\000a\000n\000d\000\040\000O\000b\000l\000i\000v\000i\000o\000u\000s\000\040\000T\000r\000a\000n\000s\000f\000e\000r}{chapter.6}% 80
\BOOKMARK [2][]{subsection.6.5.1}{\376\377\0006\000.\0005\000.\0001\000\040\000O\000b\000l\000i\000v\000i\000o\000u\000s\000\040\000T\000r\000a\000n\000s\000f\000e\000r}{section.6.5}% 81
\BOOKMARK [2][]{subsection.6.5.2}{\376\377\0006\000.\0005\000.\0002\000\040\000Y\000a\000o\000\040\000G\000a\000r\000b\000l\000e\000d\000\040\000C\000i\000r\000c\000u\000i\000t}{section.6.5}% 82
\BOOKMARK [1][]{section.6.6}{\376\377\0006\000.\0006\000\040\000T\000h\000e\000\040\000d\000e\000t\000a\000i\000l\000s}{chapter.6}% 83
\BOOKMARK [2][]{subsection.6.6.1}{\376\377\0006\000.\0006\000.\0001\000\040\000T\000h\000e\000\040\000p\000r\000o\000t\000o\000c\000o\000l\000\040\000d\000e\000s\000c\000r\000i\000p\000t\000i\000o\000n}{section.6.6}% 84
\BOOKMARK [2][]{subsection.6.6.2}{\376\377\0006\000.\0006\000.\0002\000\040\000T\000h\000e\000\040\000G\000a\000r\000b\000l\000e\000\040\000C\000i\000r\000c\000u\000i\000t\000\040\000a\000n\000d\000\040\000O\000b\000l\000i\000v\000i\000o\000u\000s\000\040\000T\000r\000a\000n\000s\000f\000e\000r}{section.6.6}% 85
\BOOKMARK [2][]{subsection.6.6.3}{\376\377\0006\000.\0006\000.\0003\000\040\000H\000D\000\040\000C\000o\000m\000p\000u\000t\000a\000t\000i\000o\000n\000\040\000H\000o\000m\000o\000m\000o\000r\000p\000h\000i\000c\000a\000l\000l\000y\000\040\000-\000\040\000B\000G\000V}{section.6.6}% 86
\BOOKMARK [1][]{section.6.7}{\376\377\0006\000.\0007\000\040\000R\000e\000s\000u\000l\000t\000s}{chapter.6}% 87
\BOOKMARK [0][]{chapter*.50}{\376\377\000R\000e\000f\000e\000r\000e\000n\000c\000e\000s}{}% 88
\BOOKMARK [0][]{Appendix.a.A}{\376\377\000A\000p\000p\000e\000n\000d\000i\000x\000\040\000A\000\040\000H\000o\000w\000\040\000t\000o\000\040\000i\000n\000s\000t\000a\000l\000l\000\040\000L\000a\000T\000e\000X}{}% 89
\BOOKMARK [0][]{Appendix.a.B}{\376\377\000A\000p\000p\000e\000n\000d\000i\000x\000\040\000B\000\040\000I\000n\000s\000t\000a\000l\000l\000i\000n\000g\000\040\000t\000h\000e\000\040\000C\000U\000E\000D\000\040\000c\000l\000a\000s\000s\000\040\000f\000i\000l\000e}{}% 90
